Spark Command: /usr/lib/jvm/java-8-openjdk-amd64/jre/bin/java -cp /opt/spark-2.3.4-bin-hadoop2.7/conf/:/opt/spark-2.3.4-bin-hadoop2.7/jars/* -Xmx1g org.apache.spark.deploy.master.Master --host 9a8dc3d02f5d --port 7077 --webui-port 8080
========================================
2021-09-21 07:05:11 INFO  Master:2612 - Started daemon with process name: 1599@9a8dc3d02f5d
2021-09-21 07:05:11 INFO  SignalUtils:54 - Registered signal handler for TERM
2021-09-21 07:05:11 INFO  SignalUtils:54 - Registered signal handler for HUP
2021-09-21 07:05:11 INFO  SignalUtils:54 - Registered signal handler for INT
2021-09-21 07:05:12 WARN  NativeCodeLoader:62 - Unable to load native-hadoop library for your platform... using builtin-java classes where applicable
2021-09-21 07:05:12 INFO  SecurityManager:54 - Changing view acls to: root
2021-09-21 07:05:12 INFO  SecurityManager:54 - Changing modify acls to: root
2021-09-21 07:05:12 INFO  SecurityManager:54 - Changing view acls groups to: 
2021-09-21 07:05:12 INFO  SecurityManager:54 - Changing modify acls groups to: 
2021-09-21 07:05:12 INFO  SecurityManager:54 - SecurityManager: authentication disabled; ui acls disabled; users  with view permissions: Set(root); groups with view permissions: Set(); users  with modify permissions: Set(root); groups with modify permissions: Set()
2021-09-21 07:05:13 INFO  Utils:54 - Successfully started service 'sparkMaster' on port 7077.
2021-09-21 07:05:14 INFO  Master:54 - Starting Spark master at spark://9a8dc3d02f5d:7077
2021-09-21 07:05:14 INFO  Master:54 - Running Spark version 2.3.4
2021-09-21 07:05:14 INFO  log:192 - Logging initialized @5171ms
2021-09-21 07:05:14 INFO  Server:351 - jetty-9.3.z-SNAPSHOT, build timestamp: unknown, git hash: unknown
2021-09-21 07:05:14 INFO  Server:419 - Started @5359ms
2021-09-21 07:05:14 INFO  AbstractConnector:278 - Started ServerConnector@5b1504c0{HTTP/1.1,[http/1.1]}{0.0.0.0:8080}
2021-09-21 07:05:14 INFO  Utils:54 - Successfully started service 'MasterUI' on port 8080.
2021-09-21 07:05:14 INFO  ContextHandler:781 - Started o.s.j.s.ServletContextHandler@599e29e{/app,null,AVAILABLE,@Spark}
2021-09-21 07:05:14 INFO  ContextHandler:781 - Started o.s.j.s.ServletContextHandler@409e292e{/app/json,null,AVAILABLE,@Spark}
2021-09-21 07:05:14 INFO  ContextHandler:781 - Started o.s.j.s.ServletContextHandler@47105619{/,null,AVAILABLE,@Spark}
2021-09-21 07:05:14 INFO  ContextHandler:781 - Started o.s.j.s.ServletContextHandler@7e88d01b{/json,null,AVAILABLE,@Spark}
2021-09-21 07:05:14 INFO  ContextHandler:781 - Started o.s.j.s.ServletContextHandler@4fee41bd{/static,null,AVAILABLE,@Spark}
2021-09-21 07:05:14 INFO  ContextHandler:781 - Started o.s.j.s.ServletContextHandler@4fefe934{/app/kill,null,AVAILABLE,@Spark}
2021-09-21 07:05:14 INFO  ContextHandler:781 - Started o.s.j.s.ServletContextHandler@75c2c304{/driver/kill,null,AVAILABLE,@Spark}
2021-09-21 07:05:14 INFO  MasterWebUI:54 - Bound MasterWebUI to 0.0.0.0, and started at http://9a8dc3d02f5d:8080
2021-09-21 07:05:15 INFO  Server:351 - jetty-9.3.z-SNAPSHOT, build timestamp: unknown, git hash: unknown
2021-09-21 07:05:15 INFO  ContextHandler:781 - Started o.s.j.s.ServletContextHandler@7798e746{/,null,AVAILABLE}
2021-09-21 07:05:15 INFO  AbstractConnector:278 - Started ServerConnector@4ad102ec{HTTP/1.1,[http/1.1]}{9a8dc3d02f5d:6066}
2021-09-21 07:05:15 INFO  Server:419 - Started @5763ms
2021-09-21 07:05:15 INFO  Utils:54 - Successfully started service on port 6066.
2021-09-21 07:05:15 INFO  StandaloneRestServer:54 - Started REST server for submitting applications on port 6066
2021-09-21 07:05:15 INFO  ContextHandler:781 - Started o.s.j.s.ServletContextHandler@c865138{/metrics/master/json,null,AVAILABLE,@Spark}
2021-09-21 07:05:15 INFO  ContextHandler:781 - Started o.s.j.s.ServletContextHandler@2a9025e5{/metrics/applications/json,null,AVAILABLE,@Spark}
2021-09-21 07:05:15 INFO  Master:54 - I have been elected leader! New state: ALIVE
2021-09-21 07:14:23 INFO  Master:54 - Registering worker 172.18.0.2:33403 with 2 cores, 6.3 GB RAM
